<?xml version="1.0" encoding="UTF-8"?>
<coverage generated="1583797740245" clover="3.2.0">
  <project timestamp="1583797740245" name="All files">
    <metrics statements="29" coveredstatements="29" conditionals="22" coveredconditionals="21" methods="11" coveredmethods="11" elements="62" coveredelements="61" complexity="0" loc="29" ncloc="29" packages="1" files="1" classes="1"/>
    <file name="types.js" path="/Users/dorjekirsten/Alchemy/dorje-database/lib/types.js">
      <metrics statements="29" coveredstatements="29" conditionals="22" coveredconditionals="21" methods="11" coveredmethods="11"/>
      <line num="1" count="8" type="stmt"/>
      <line num="2" count="6" type="stmt"/>
      <line num="3" count="6" type="stmt"/>
      <line num="4" count="2" type="stmt"/>
      <line num="5" count="2" type="stmt"/>
      <line num="6" count="2" type="stmt"/>
      <line num="8" count="1" type="stmt"/>
      <line num="9" count="6" type="cond" truecount="2" falsecount="0"/>
      <line num="10" count="5" type="stmt"/>
      <line num="11" count="5" type="cond" truecount="2" falsecount="0"/>
      <line num="12" count="3" type="stmt"/>
      <line num="14" count="1" type="stmt"/>
      <line num="15" count="4" type="cond" truecount="2" falsecount="0"/>
      <line num="16" count="3" type="stmt"/>
      <line num="17" count="3" type="cond" truecount="4" falsecount="0"/>
      <line num="18" count="1" type="stmt"/>
      <line num="21" count="1" type="stmt"/>
      <line num="22" count="4" type="cond" truecount="1" falsecount="1"/>
      <line num="23" count="4" type="cond" truecount="4" falsecount="0"/>
      <line num="24" count="3" type="cond" truecount="4" falsecount="0"/>
      <line num="25" count="2" type="stmt"/>
      <line num="31" count="6" type="stmt"/>
      <line num="32" count="6" type="stmt"/>
      <line num="33" count="6" type="stmt"/>
      <line num="34" count="6" type="stmt"/>
      <line num="38" count="1" type="stmt"/>
      <line num="42" count="1" type="stmt"/>
      <line num="43" count="2" type="cond" truecount="2" falsecount="0"/>
      <line num="46" count="1" type="stmt"/>
    </file>
  </project>
</coverage>
