{"/Users/dorjekirsten/Alchemy/dorje-database/lib/Schema.js": {"path":"/Users/dorjekirsten/Alchemy/dorje-database/lib/Schema.js","statementMap":{"0":{"start":{"line":1,"column":18},"end":{"line":1,"column":40}},"1":{"start":{"line":2,"column":0},"end":{"line":41,"column":2}},"2":{"start":{"line":19,"column":8},"end":{"line":19,"column":29}},"3":{"start":{"line":20,"column":8},"end":{"line":21,"column":82}},"4":{"start":{"line":21,"column":45},"end":{"line":21,"column":80}},"5":{"start":{"line":25,"column":26},"end":{"line":25,"column":28}},"6":{"start":{"line":26,"column":23},"end":{"line":26,"column":25}},"7":{"start":{"line":27,"column":8},"end":{"line":34,"column":15}},"8":{"start":{"line":29,"column":16},"end":{"line":33,"column":17}},"9":{"start":{"line":30,"column":20},"end":{"line":30,"column":73}},"10":{"start":{"line":32,"column":20},"end":{"line":32,"column":35}},"11":{"start":{"line":36,"column":8},"end":{"line":38,"column":9}},"12":{"start":{"line":37,"column":12},"end":{"line":37,"column":59}},"13":{"start":{"line":39,"column":8},"end":{"line":39,"column":25}}},"fnMap":{"0":{"name":"(anonymous_0)","decl":{"start":{"line":18,"column":4},"end":{"line":18,"column":5}},"loc":{"start":{"line":18,"column":24},"end":{"line":22,"column":5}},"line":18},"1":{"name":"(anonymous_1)","decl":{"start":{"line":21,"column":17},"end":{"line":21,"column":18}},"loc":{"start":{"line":21,"column":45},"end":{"line":21,"column":80}},"line":21},"2":{"name":"(anonymous_2)","decl":{"start":{"line":24,"column":4},"end":{"line":24,"column":5}},"loc":{"start":{"line":24,"column":18},"end":{"line":40,"column":5}},"line":24},"3":{"name":"(anonymous_3)","decl":{"start":{"line":28,"column":21},"end":{"line":28,"column":22}},"loc":{"start":{"line":28,"column":34},"end":{"line":34,"column":13}},"line":28}},"branchMap":{"0":{"loc":{"start":{"line":36,"column":8},"end":{"line":38,"column":9}},"type":"if","locations":[{"start":{"line":36,"column":8},"end":{"line":38,"column":9}},{"start":{"line":36,"column":8},"end":{"line":38,"column":9}}],"line":36}},"s":{"0":1,"1":1,"2":2,"3":2,"4":6,"5":2,"6":2,"7":2,"8":6,"9":6,"10":2,"11":2,"12":1,"13":1},"f":{"0":2,"1":6,"2":2,"3":6},"b":{"0":[1,1]},"_coverageSchema":"1a1c01bbd47fc00a2c39e90264f33305004495a9","hash":"7bc0bf4c6c0cd55eff3f66d7d74cd4ce4f10a50f"}
,"/Users/dorjekirsten/Alchemy/dorje-database/lib/Validator.js": {"path":"/Users/dorjekirsten/Alchemy/dorje-database/lib/Validator.js","statementMap":{"0":{"start":{"line":1,"column":22},"end":{"line":1,"column":40}},"1":{"start":{"line":3,"column":0},"end":{"line":17,"column":2}},"2":{"start":{"line":5,"column":8},"end":{"line":5,"column":27}},"3":{"start":{"line":6,"column":8},"end":{"line":6,"column":43}},"4":{"start":{"line":9,"column":8},"end":{"line":11,"column":9}},"5":{"start":{"line":10,"column":12},"end":{"line":10,"column":72}},"6":{"start":{"line":12,"column":8},"end":{"line":13,"column":25}},"7":{"start":{"line":13,"column":12},"end":{"line":13,"column":24}},"8":{"start":{"line":14,"column":23},"end":{"line":14,"column":57}},"9":{"start":{"line":15,"column":8},"end":{"line":15,"column":39}}},"fnMap":{"0":{"name":"(anonymous_0)","decl":{"start":{"line":4,"column":4},"end":{"line":4,"column":5}},"loc":{"start":{"line":4,"column":38},"end":{"line":7,"column":5}},"line":4},"1":{"name":"(anonymous_1)","decl":{"start":{"line":8,"column":4},"end":{"line":8,"column":5}},"loc":{"start":{"line":8,"column":18},"end":{"line":16,"column":5}},"line":8}},"branchMap":{"0":{"loc":{"start":{"line":9,"column":8},"end":{"line":11,"column":9}},"type":"if","locations":[{"start":{"line":9,"column":8},"end":{"line":11,"column":9}},{"start":{"line":9,"column":8},"end":{"line":11,"column":9}}],"line":9},"1":{"loc":{"start":{"line":9,"column":12},"end":{"line":9,"column":63}},"type":"binary-expr","locations":[{"start":{"line":9,"column":12},"end":{"line":9,"column":39}},{"start":{"line":9,"column":43},"end":{"line":9,"column":63}}],"line":9},"2":{"loc":{"start":{"line":12,"column":8},"end":{"line":13,"column":25}},"type":"if","locations":[{"start":{"line":12,"column":8},"end":{"line":13,"column":25}},{"start":{"line":12,"column":8},"end":{"line":13,"column":25}}],"line":12},"3":{"loc":{"start":{"line":12,"column":12},"end":{"line":12,"column":64}},"type":"binary-expr","locations":[{"start":{"line":12,"column":12},"end":{"line":12,"column":40}},{"start":{"line":12,"column":44},"end":{"line":12,"column":64}}],"line":12}},"s":{"0":2,"1":2,"2":11,"3":11,"4":10,"5":2,"6":8,"7":0,"8":8,"9":8},"f":{"0":11,"1":10},"b":{"0":[2,8],"1":[10,6],"2":[0,8],"3":[8,4]},"_coverageSchema":"1a1c01bbd47fc00a2c39e90264f33305004495a9","hash":"ffa380a49214cc605b5942151ebc80f919a738a1"}
,"/Users/dorjekirsten/Alchemy/dorje-database/lib/file-system.js": {"path":"/Users/dorjekirsten/Alchemy/dorje-database/lib/file-system.js","statementMap":{"0":{"start":{"line":1,"column":11},"end":{"line":1,"column":33}},"1":{"start":{"line":7,"column":15},"end":{"line":9,"column":1}},"2":{"start":{"line":8,"column":4},"end":{"line":8,"column":47}},"3":{"start":{"line":11,"column":18},"end":{"line":14,"column":1}},"4":{"start":{"line":12,"column":4},"end":{"line":13,"column":25}},"5":{"start":{"line":13,"column":20},"end":{"line":13,"column":23}},"6":{"start":{"line":16,"column":17},"end":{"line":19,"column":1}},"7":{"start":{"line":17,"column":4},"end":{"line":18,"column":48}},"8":{"start":{"line":18,"column":26},"end":{"line":18,"column":46}},"9":{"start":{"line":25,"column":0},"end":{"line":29,"column":2}}},"fnMap":{"0":{"name":"(anonymous_0)","decl":{"start":{"line":7,"column":15},"end":{"line":7,"column":16}},"loc":{"start":{"line":7,"column":23},"end":{"line":9,"column":1}},"line":7},"1":{"name":"(anonymous_1)","decl":{"start":{"line":11,"column":18},"end":{"line":11,"column":19}},"loc":{"start":{"line":11,"column":33},"end":{"line":14,"column":1}},"line":11},"2":{"name":"(anonymous_2)","decl":{"start":{"line":13,"column":14},"end":{"line":13,"column":15}},"loc":{"start":{"line":13,"column":20},"end":{"line":13,"column":23}},"line":13},"3":{"name":"(anonymous_3)","decl":{"start":{"line":16,"column":17},"end":{"line":16,"column":18}},"loc":{"start":{"line":16,"column":25},"end":{"line":19,"column":1}},"line":16},"4":{"name":"(anonymous_4)","decl":{"start":{"line":18,"column":14},"end":{"line":18,"column":15}},"loc":{"start":{"line":18,"column":26},"end":{"line":18,"column":46}},"line":18}},"branchMap":{},"s":{"0":1,"1":1,"2":1,"3":1,"4":1,"5":1,"6":1,"7":1,"8":1,"9":1},"f":{"0":1,"1":1,"2":1,"3":1,"4":1},"b":{},"_coverageSchema":"1a1c01bbd47fc00a2c39e90264f33305004495a9","hash":"fbd43b6abed44b4ee67945592277c974f64f411b"}
,"/Users/dorjekirsten/Alchemy/dorje-database/lib/types.js": {"path":"/Users/dorjekirsten/Alchemy/dorje-database/lib/types.js","statementMap":{"0":{"start":{"line":2,"column":17},"end":{"line":2,"column":47}},"1":{"start":{"line":2,"column":24},"end":{"line":2,"column":47}},"2":{"start":{"line":3,"column":17},"end":{"line":3,"column":47}},"3":{"start":{"line":3,"column":24},"end":{"line":3,"column":47}},"4":{"start":{"line":4,"column":18},"end":{"line":4,"column":49}},"5":{"start":{"line":4,"column":25},"end":{"line":4,"column":49}},"6":{"start":{"line":5,"column":16},"end":{"line":5,"column":41}},"7":{"start":{"line":5,"column":23},"end":{"line":5,"column":41}},"8":{"start":{"line":6,"column":17},"end":{"line":6,"column":64}},"9":{"start":{"line":6,"column":24},"end":{"line":6,"column":64}},"10":{"start":{"line":7,"column":19},"end":{"line":7,"column":49}},"11":{"start":{"line":7,"column":26},"end":{"line":7,"column":49}},"12":{"start":{"line":9,"column":21},"end":{"line":15,"column":1}},"13":{"start":{"line":10,"column":4},"end":{"line":10,"column":34}},"14":{"start":{"line":10,"column":23},"end":{"line":10,"column":34}},"15":{"start":{"line":11,"column":4},"end":{"line":11,"column":45}},"16":{"start":{"line":11,"column":23},"end":{"line":11,"column":45}},"17":{"start":{"line":12,"column":4},"end":{"line":12,"column":46}},"18":{"start":{"line":12,"column":24},"end":{"line":12,"column":46}},"19":{"start":{"line":13,"column":4},"end":{"line":13,"column":44}},"20":{"start":{"line":13,"column":22},"end":{"line":13,"column":44}},"21":{"start":{"line":14,"column":4},"end":{"line":14,"column":37}},"22":{"start":{"line":17,"column":21},"end":{"line":22,"column":1}},"23":{"start":{"line":18,"column":4},"end":{"line":18,"column":34}},"24":{"start":{"line":18,"column":23},"end":{"line":18,"column":34}},"25":{"start":{"line":19,"column":19},"end":{"line":19,"column":30}},"26":{"start":{"line":20,"column":4},"end":{"line":20,"column":56}},"27":{"start":{"line":20,"column":23},"end":{"line":20,"column":56}},"28":{"start":{"line":21,"column":4},"end":{"line":21,"column":18}},"29":{"start":{"line":24,"column":22},"end":{"line":29,"column":1}},"30":{"start":{"line":25,"column":4},"end":{"line":25,"column":35}},"31":{"start":{"line":25,"column":24},"end":{"line":25,"column":35}},"32":{"start":{"line":26,"column":4},"end":{"line":26,"column":31}},"33":{"start":{"line":26,"column":19},"end":{"line":26,"column":31}},"34":{"start":{"line":27,"column":4},"end":{"line":27,"column":32}},"35":{"start":{"line":27,"column":19},"end":{"line":27,"column":32}},"36":{"start":{"line":28,"column":4},"end":{"line":28,"column":38}},"37":{"start":{"line":31,"column":20},"end":{"line":37,"column":1}},"38":{"start":{"line":31,"column":30},"end":{"line":37,"column":1}},"39":{"start":{"line":32,"column":4},"end":{"line":36,"column":5}},"40":{"start":{"line":33,"column":8},"end":{"line":33,"column":31}},"41":{"start":{"line":35,"column":8},"end":{"line":35,"column":40}},"42":{"start":{"line":41,"column":21},"end":{"line":41,"column":30}},"43":{"start":{"line":42,"column":8},"end":{"line":42,"column":53}},"44":{"start":{"line":43,"column":8},"end":{"line":43,"column":25}},"45":{"start":{"line":44,"column":8},"end":{"line":44,"column":27}},"46":{"start":{"line":48,"column":16},"end":{"line":52,"column":1}},"47":{"start":{"line":54,"column":18},"end":{"line":58,"column":1}},"48":{"start":{"line":55,"column":4},"end":{"line":55,"column":65}},"49":{"start":{"line":55,"column":23},"end":{"line":55,"column":65}},"50":{"start":{"line":57,"column":4},"end":{"line":57,"column":38}},"51":{"start":{"line":60,"column":0},"end":{"line":73,"column":2}}},"fnMap":{"0":{"name":"(anonymous_0)","decl":{"start":{"line":2,"column":17},"end":{"line":2,"column":18}},"loc":{"start":{"line":2,"column":24},"end":{"line":2,"column":47}},"line":2},"1":{"name":"(anonymous_1)","decl":{"start":{"line":3,"column":17},"end":{"line":3,"column":18}},"loc":{"start":{"line":3,"column":24},"end":{"line":3,"column":47}},"line":3},"2":{"name":"(anonymous_2)","decl":{"start":{"line":4,"column":18},"end":{"line":4,"column":19}},"loc":{"start":{"line":4,"column":25},"end":{"line":4,"column":49}},"line":4},"3":{"name":"(anonymous_3)","decl":{"start":{"line":5,"column":16},"end":{"line":5,"column":17}},"loc":{"start":{"line":5,"column":23},"end":{"line":5,"column":41}},"line":5},"4":{"name":"(anonymous_4)","decl":{"start":{"line":6,"column":17},"end":{"line":6,"column":18}},"loc":{"start":{"line":6,"column":24},"end":{"line":6,"column":64}},"line":6},"5":{"name":"(anonymous_5)","decl":{"start":{"line":7,"column":19},"end":{"line":7,"column":20}},"loc":{"start":{"line":7,"column":26},"end":{"line":7,"column":49}},"line":7},"6":{"name":"(anonymous_6)","decl":{"start":{"line":9,"column":21},"end":{"line":9,"column":22}},"loc":{"start":{"line":9,"column":28},"end":{"line":15,"column":1}},"line":9},"7":{"name":"(anonymous_7)","decl":{"start":{"line":17,"column":21},"end":{"line":17,"column":22}},"loc":{"start":{"line":17,"column":28},"end":{"line":22,"column":1}},"line":17},"8":{"name":"(anonymous_8)","decl":{"start":{"line":24,"column":22},"end":{"line":24,"column":23}},"loc":{"start":{"line":24,"column":29},"end":{"line":29,"column":1}},"line":24},"9":{"name":"(anonymous_9)","decl":{"start":{"line":31,"column":20},"end":{"line":31,"column":21}},"loc":{"start":{"line":31,"column":30},"end":{"line":37,"column":1}},"line":31},"10":{"name":"(anonymous_10)","decl":{"start":{"line":31,"column":30},"end":{"line":31,"column":31}},"loc":{"start":{"line":31,"column":37},"end":{"line":37,"column":1}},"line":31},"11":{"name":"(anonymous_11)","decl":{"start":{"line":40,"column":4},"end":{"line":40,"column":5}},"loc":{"start":{"line":40,"column":29},"end":{"line":45,"column":5}},"line":40},"12":{"name":"(anonymous_12)","decl":{"start":{"line":54,"column":18},"end":{"line":54,"column":19}},"loc":{"start":{"line":54,"column":26},"end":{"line":58,"column":1}},"line":54}},"branchMap":{"0":{"loc":{"start":{"line":6,"column":24},"end":{"line":6,"column":64}},"type":"binary-expr","locations":[{"start":{"line":6,"column":24},"end":{"line":6,"column":47}},{"start":{"line":6,"column":51},"end":{"line":6,"column":64}}],"line":6},"1":{"loc":{"start":{"line":10,"column":4},"end":{"line":10,"column":34}},"type":"if","locations":[{"start":{"line":10,"column":4},"end":{"line":10,"column":34}},{"start":{"line":10,"column":4},"end":{"line":10,"column":34}}],"line":10},"2":{"loc":{"start":{"line":11,"column":4},"end":{"line":11,"column":45}},"type":"if","locations":[{"start":{"line":11,"column":4},"end":{"line":11,"column":45}},{"start":{"line":11,"column":4},"end":{"line":11,"column":45}}],"line":11},"3":{"loc":{"start":{"line":12,"column":4},"end":{"line":12,"column":46}},"type":"if","locations":[{"start":{"line":12,"column":4},"end":{"line":12,"column":46}},{"start":{"line":12,"column":4},"end":{"line":12,"column":46}}],"line":12},"4":{"loc":{"start":{"line":13,"column":4},"end":{"line":13,"column":44}},"type":"if","locations":[{"start":{"line":13,"column":4},"end":{"line":13,"column":44}},{"start":{"line":13,"column":4},"end":{"line":13,"column":44}}],"line":13},"5":{"loc":{"start":{"line":18,"column":4},"end":{"line":18,"column":34}},"type":"if","locations":[{"start":{"line":18,"column":4},"end":{"line":18,"column":34}},{"start":{"line":18,"column":4},"end":{"line":18,"column":34}}],"line":18},"6":{"loc":{"start":{"line":20,"column":4},"end":{"line":20,"column":56}},"type":"if","locations":[{"start":{"line":20,"column":4},"end":{"line":20,"column":56}},{"start":{"line":20,"column":4},"end":{"line":20,"column":56}}],"line":20},"7":{"loc":{"start":{"line":25,"column":4},"end":{"line":25,"column":35}},"type":"if","locations":[{"start":{"line":25,"column":4},"end":{"line":25,"column":35}},{"start":{"line":25,"column":4},"end":{"line":25,"column":35}}],"line":25},"8":{"loc":{"start":{"line":26,"column":4},"end":{"line":26,"column":31}},"type":"if","locations":[{"start":{"line":26,"column":4},"end":{"line":26,"column":31}},{"start":{"line":26,"column":4},"end":{"line":26,"column":31}}],"line":26},"9":{"loc":{"start":{"line":27,"column":4},"end":{"line":27,"column":32}},"type":"if","locations":[{"start":{"line":27,"column":4},"end":{"line":27,"column":32}},{"start":{"line":27,"column":4},"end":{"line":27,"column":32}}],"line":27},"10":{"loc":{"start":{"line":55,"column":4},"end":{"line":55,"column":65}},"type":"if","locations":[{"start":{"line":55,"column":4},"end":{"line":55,"column":65}},{"start":{"line":55,"column":4},"end":{"line":55,"column":65}}],"line":55},"11":{"loc":{"start":{"line":57,"column":11},"end":{"line":57,"column":37}},"type":"binary-expr","locations":[{"start":{"line":57,"column":11},"end":{"line":57,"column":29}},{"start":{"line":57,"column":33},"end":{"line":57,"column":37}}],"line":57}},"s":{"0":3,"1":22,"2":3,"3":24,"4":3,"5":19,"6":3,"7":25,"8":3,"9":6,"10":3,"11":6,"12":3,"13":16,"14":7,"15":9,"16":3,"17":6,"18":2,"19":4,"20":1,"21":3,"22":3,"23":9,"24":2,"25":7,"26":7,"27":4,"28":3,"29":3,"30":6,"31":2,"32":4,"33":1,"34":3,"35":1,"36":2,"37":3,"38":4,"39":3,"40":3,"41":2,"42":11,"43":11,"44":11,"45":11,"46":3,"47":3,"48":13,"49":1,"50":12,"51":3},"f":{"0":22,"1":24,"2":19,"3":25,"4":6,"5":6,"6":16,"7":9,"8":6,"9":4,"10":3,"11":11,"12":13},"b":{"0":[6,2],"1":[7,9],"2":[3,6],"3":[2,4],"4":[1,3],"5":[2,7],"6":[4,3],"7":[2,4],"8":[1,3],"9":[1,2],"10":[1,12],"11":[12,1]},"_coverageSchema":"1a1c01bbd47fc00a2c39e90264f33305004495a9","hash":"e122852ae7a73cf014c0c38b84021a8af277c230"}
}
