{"/Users/dorjekirsten/Alchemy/dorje-database/lib/Schema.js": {"path":"/Users/dorjekirsten/Alchemy/dorje-database/lib/Schema.js","statementMap":{"0":{"start":{"line":1,"column":18},"end":{"line":1,"column":40}},"1":{"start":{"line":2,"column":0},"end":{"line":28,"column":2}},"2":{"start":{"line":6,"column":8},"end":{"line":6,"column":29}},"3":{"start":{"line":7,"column":8},"end":{"line":8,"column":82}},"4":{"start":{"line":8,"column":45},"end":{"line":8,"column":80}},"5":{"start":{"line":12,"column":26},"end":{"line":12,"column":28}},"6":{"start":{"line":13,"column":23},"end":{"line":13,"column":25}},"7":{"start":{"line":14,"column":8},"end":{"line":21,"column":15}},"8":{"start":{"line":16,"column":16},"end":{"line":20,"column":17}},"9":{"start":{"line":17,"column":20},"end":{"line":17,"column":73}},"10":{"start":{"line":19,"column":20},"end":{"line":19,"column":35}},"11":{"start":{"line":23,"column":8},"end":{"line":25,"column":9}},"12":{"start":{"line":24,"column":12},"end":{"line":24,"column":59}},"13":{"start":{"line":26,"column":8},"end":{"line":26,"column":25}}},"fnMap":{"0":{"name":"(anonymous_0)","decl":{"start":{"line":5,"column":4},"end":{"line":5,"column":5}},"loc":{"start":{"line":5,"column":24},"end":{"line":9,"column":5}},"line":5},"1":{"name":"(anonymous_1)","decl":{"start":{"line":8,"column":17},"end":{"line":8,"column":18}},"loc":{"start":{"line":8,"column":45},"end":{"line":8,"column":80}},"line":8},"2":{"name":"(anonymous_2)","decl":{"start":{"line":11,"column":4},"end":{"line":11,"column":5}},"loc":{"start":{"line":11,"column":18},"end":{"line":27,"column":5}},"line":11},"3":{"name":"(anonymous_3)","decl":{"start":{"line":15,"column":21},"end":{"line":15,"column":22}},"loc":{"start":{"line":15,"column":34},"end":{"line":21,"column":13}},"line":15}},"branchMap":{"0":{"loc":{"start":{"line":23,"column":8},"end":{"line":25,"column":9}},"type":"if","locations":[{"start":{"line":23,"column":8},"end":{"line":25,"column":9}},{"start":{"line":23,"column":8},"end":{"line":25,"column":9}}],"line":23}},"s":{"0":2,"1":2,"2":3,"3":3,"4":9,"5":3,"6":3,"7":3,"8":9,"9":9,"10":2,"11":3,"12":1,"13":2},"f":{"0":3,"1":9,"2":3,"3":9},"b":{"0":[1,2]},"_coverageSchema":"1a1c01bbd47fc00a2c39e90264f33305004495a9","hash":"336a43053787f1417949cf4791ded8078382878d"}
,"/Users/dorjekirsten/Alchemy/dorje-database/lib/Validator.js": {"path":"/Users/dorjekirsten/Alchemy/dorje-database/lib/Validator.js","statementMap":{"0":{"start":{"line":1,"column":22},"end":{"line":1,"column":40}},"1":{"start":{"line":3,"column":0},"end":{"line":16,"column":2}},"2":{"start":{"line":5,"column":8},"end":{"line":5,"column":27}},"3":{"start":{"line":6,"column":8},"end":{"line":6,"column":43}},"4":{"start":{"line":9,"column":8},"end":{"line":11,"column":9}},"5":{"start":{"line":10,"column":12},"end":{"line":10,"column":72}},"6":{"start":{"line":12,"column":8},"end":{"line":12,"column":66}},"7":{"start":{"line":13,"column":23},"end":{"line":13,"column":57}},"8":{"start":{"line":14,"column":8},"end":{"line":14,"column":39}}},"fnMap":{"0":{"name":"(anonymous_0)","decl":{"start":{"line":4,"column":4},"end":{"line":4,"column":5}},"loc":{"start":{"line":4,"column":38},"end":{"line":7,"column":5}},"line":4},"1":{"name":"(anonymous_1)","decl":{"start":{"line":8,"column":4},"end":{"line":8,"column":5}},"loc":{"start":{"line":8,"column":18},"end":{"line":15,"column":5}},"line":8}},"branchMap":{"0":{"loc":{"start":{"line":9,"column":8},"end":{"line":11,"column":9}},"type":"if","locations":[{"start":{"line":9,"column":8},"end":{"line":11,"column":9}},{"start":{"line":9,"column":8},"end":{"line":11,"column":9}}],"line":9},"1":{"loc":{"start":{"line":9,"column":12},"end":{"line":9,"column":63}},"type":"binary-expr","locations":[{"start":{"line":9,"column":12},"end":{"line":9,"column":39}},{"start":{"line":9,"column":43},"end":{"line":9,"column":63}}],"line":9},"2":{"loc":{"start":{"line":12,"column":8},"end":{"line":12,"column":66}},"type":"if","locations":[{"start":{"line":12,"column":8},"end":{"line":12,"column":66}},{"start":{"line":12,"column":8},"end":{"line":12,"column":66}}],"line":12},"3":{"loc":{"start":{"line":12,"column":12},"end":{"line":12,"column":64}},"type":"binary-expr","locations":[{"start":{"line":12,"column":12},"end":{"line":12,"column":40}},{"start":{"line":12,"column":44},"end":{"line":12,"column":64}}],"line":12}},"s":{"0":3,"1":3,"2":14,"3":14,"4":13,"5":2,"6":11,"7":11,"8":11},"f":{"0":14,"1":13},"b":{"0":[2,11],"1":[13,8],"2":[0,11],"3":[11,5]},"_coverageSchema":"1a1c01bbd47fc00a2c39e90264f33305004495a9","hash":"0c344998773618f6cca36dcc1464ec573f6ffc9d"}
,"/Users/dorjekirsten/Alchemy/dorje-database/lib/file-system.js": {"path":"/Users/dorjekirsten/Alchemy/dorje-database/lib/file-system.js","statementMap":{"0":{"start":{"line":1,"column":11},"end":{"line":1,"column":33}},"1":{"start":{"line":7,"column":15},"end":{"line":9,"column":1}},"2":{"start":{"line":8,"column":4},"end":{"line":8,"column":47}},"3":{"start":{"line":11,"column":18},"end":{"line":14,"column":1}},"4":{"start":{"line":12,"column":4},"end":{"line":13,"column":25}},"5":{"start":{"line":13,"column":20},"end":{"line":13,"column":23}},"6":{"start":{"line":16,"column":17},"end":{"line":19,"column":1}},"7":{"start":{"line":17,"column":4},"end":{"line":18,"column":48}},"8":{"start":{"line":18,"column":26},"end":{"line":18,"column":46}},"9":{"start":{"line":21,"column":26},"end":{"line":26,"column":1}},"10":{"start":{"line":22,"column":4},"end":{"line":25,"column":11}},"11":{"start":{"line":24,"column":12},"end":{"line":24,"column":79}},"12":{"start":{"line":24,"column":49},"end":{"line":24,"column":76}},"13":{"start":{"line":27,"column":19},"end":{"line":33,"column":1}},"14":{"start":{"line":28,"column":4},"end":{"line":32,"column":11}},"15":{"start":{"line":30,"column":32},"end":{"line":30,"column":51}},"16":{"start":{"line":31,"column":12},"end":{"line":31,"column":48}},"17":{"start":{"line":35,"column":19},"end":{"line":35,"column":42}},"18":{"start":{"line":35,"column":27},"end":{"line":35,"column":42}},"19":{"start":{"line":41,"column":0},"end":{"line":48,"column":2}}},"fnMap":{"0":{"name":"(anonymous_0)","decl":{"start":{"line":7,"column":15},"end":{"line":7,"column":16}},"loc":{"start":{"line":7,"column":23},"end":{"line":9,"column":1}},"line":7},"1":{"name":"(anonymous_1)","decl":{"start":{"line":11,"column":18},"end":{"line":11,"column":19}},"loc":{"start":{"line":11,"column":33},"end":{"line":14,"column":1}},"line":11},"2":{"name":"(anonymous_2)","decl":{"start":{"line":13,"column":14},"end":{"line":13,"column":15}},"loc":{"start":{"line":13,"column":20},"end":{"line":13,"column":23}},"line":13},"3":{"name":"(anonymous_3)","decl":{"start":{"line":16,"column":17},"end":{"line":16,"column":18}},"loc":{"start":{"line":16,"column":25},"end":{"line":19,"column":1}},"line":16},"4":{"name":"(anonymous_4)","decl":{"start":{"line":18,"column":14},"end":{"line":18,"column":15}},"loc":{"start":{"line":18,"column":26},"end":{"line":18,"column":46}},"line":18},"5":{"name":"(anonymous_5)","decl":{"start":{"line":21,"column":26},"end":{"line":21,"column":27}},"loc":{"start":{"line":21,"column":34},"end":{"line":26,"column":1}},"line":21},"6":{"name":"(anonymous_6)","decl":{"start":{"line":23,"column":14},"end":{"line":23,"column":15}},"loc":{"start":{"line":23,"column":23},"end":{"line":25,"column":9}},"line":23},"7":{"name":"(anonymous_7)","decl":{"start":{"line":24,"column":41},"end":{"line":24,"column":42}},"loc":{"start":{"line":24,"column":49},"end":{"line":24,"column":76}},"line":24},"8":{"name":"(anonymous_8)","decl":{"start":{"line":27,"column":19},"end":{"line":27,"column":20}},"loc":{"start":{"line":27,"column":34},"end":{"line":33,"column":1}},"line":27},"9":{"name":"(anonymous_9)","decl":{"start":{"line":29,"column":14},"end":{"line":29,"column":15}},"loc":{"start":{"line":29,"column":22},"end":{"line":32,"column":9}},"line":29},"10":{"name":"(anonymous_10)","decl":{"start":{"line":35,"column":19},"end":{"line":35,"column":20}},"loc":{"start":{"line":35,"column":27},"end":{"line":35,"column":42}},"line":35}},"branchMap":{},"s":{"0":2,"1":2,"2":2,"3":2,"4":3,"5":3,"6":2,"7":4,"8":4,"9":2,"10":1,"11":1,"12":2,"13":2,"14":1,"15":1,"16":1,"17":2,"18":1,"19":2},"f":{"0":2,"1":3,"2":3,"3":4,"4":4,"5":1,"6":1,"7":2,"8":1,"9":1,"10":1},"b":{},"_coverageSchema":"1a1c01bbd47fc00a2c39e90264f33305004495a9","hash":"994e842b671f9153ee8198e6f71d5b5807dc5ac7"}
,"/Users/dorjekirsten/Alchemy/dorje-database/lib/model.js": {"path":"/Users/dorjekirsten/Alchemy/dorje-database/lib/model.js","statementMap":{"0":{"start":{"line":1,"column":13},"end":{"line":1,"column":28}},"1":{"start":{"line":2,"column":13},"end":{"line":2,"column":31}},"2":{"start":{"line":10,"column":4},"end":{"line":10,"column":28}},"3":{"start":{"line":12,"column":0},"end":{"line":24,"column":2}},"4":{"start":{"line":14,"column":8},"end":{"line":14,"column":35}},"5":{"start":{"line":15,"column":8},"end":{"line":15,"column":29}},"6":{"start":{"line":16,"column":8},"end":{"line":16,"column":31}},"7":{"start":{"line":19,"column":20},"end":{"line":19,"column":26}},"8":{"start":{"line":20,"column":26},"end":{"line":20,"column":51}},"9":{"start":{"line":21,"column":8},"end":{"line":21,"column":76}}},"fnMap":{"0":{"name":"(anonymous_0)","decl":{"start":{"line":13,"column":4},"end":{"line":13,"column":5}},"loc":{"start":{"line":13,"column":35},"end":{"line":17,"column":5}},"line":13},"1":{"name":"(anonymous_1)","decl":{"start":{"line":18,"column":4},"end":{"line":18,"column":5}},"loc":{"start":{"line":18,"column":16},"end":{"line":22,"column":5}},"line":18}},"branchMap":{},"s":{"0":1,"1":1,"2":1,"3":1,"4":1,"5":1,"6":1,"7":1,"8":1,"9":1},"f":{"0":1,"1":1},"b":{},"_coverageSchema":"1a1c01bbd47fc00a2c39e90264f33305004495a9","hash":"56db8f2f679334db5158992932f1bea33714001c"}
,"/Users/dorjekirsten/Alchemy/dorje-database/lib/types.js": {"path":"/Users/dorjekirsten/Alchemy/dorje-database/lib/types.js","statementMap":{"0":{"start":{"line":2,"column":17},"end":{"line":2,"column":47}},"1":{"start":{"line":2,"column":24},"end":{"line":2,"column":47}},"2":{"start":{"line":3,"column":17},"end":{"line":3,"column":47}},"3":{"start":{"line":3,"column":24},"end":{"line":3,"column":47}},"4":{"start":{"line":4,"column":18},"end":{"line":4,"column":49}},"5":{"start":{"line":4,"column":25},"end":{"line":4,"column":49}},"6":{"start":{"line":5,"column":16},"end":{"line":5,"column":41}},"7":{"start":{"line":5,"column":23},"end":{"line":5,"column":41}},"8":{"start":{"line":6,"column":17},"end":{"line":6,"column":64}},"9":{"start":{"line":6,"column":24},"end":{"line":6,"column":64}},"10":{"start":{"line":7,"column":19},"end":{"line":7,"column":49}},"11":{"start":{"line":7,"column":26},"end":{"line":7,"column":49}},"12":{"start":{"line":9,"column":21},"end":{"line":15,"column":1}},"13":{"start":{"line":10,"column":4},"end":{"line":10,"column":34}},"14":{"start":{"line":10,"column":23},"end":{"line":10,"column":34}},"15":{"start":{"line":11,"column":4},"end":{"line":11,"column":45}},"16":{"start":{"line":11,"column":23},"end":{"line":11,"column":45}},"17":{"start":{"line":12,"column":4},"end":{"line":12,"column":46}},"18":{"start":{"line":12,"column":24},"end":{"line":12,"column":46}},"19":{"start":{"line":13,"column":4},"end":{"line":13,"column":44}},"20":{"start":{"line":13,"column":22},"end":{"line":13,"column":44}},"21":{"start":{"line":14,"column":4},"end":{"line":14,"column":37}},"22":{"start":{"line":17,"column":21},"end":{"line":22,"column":1}},"23":{"start":{"line":18,"column":4},"end":{"line":18,"column":34}},"24":{"start":{"line":18,"column":23},"end":{"line":18,"column":34}},"25":{"start":{"line":19,"column":19},"end":{"line":19,"column":30}},"26":{"start":{"line":20,"column":4},"end":{"line":20,"column":56}},"27":{"start":{"line":20,"column":23},"end":{"line":20,"column":56}},"28":{"start":{"line":21,"column":4},"end":{"line":21,"column":18}},"29":{"start":{"line":24,"column":22},"end":{"line":29,"column":1}},"30":{"start":{"line":25,"column":4},"end":{"line":25,"column":35}},"31":{"start":{"line":25,"column":24},"end":{"line":25,"column":35}},"32":{"start":{"line":26,"column":4},"end":{"line":26,"column":31}},"33":{"start":{"line":26,"column":19},"end":{"line":26,"column":31}},"34":{"start":{"line":27,"column":4},"end":{"line":27,"column":32}},"35":{"start":{"line":27,"column":19},"end":{"line":27,"column":32}},"36":{"start":{"line":28,"column":4},"end":{"line":28,"column":38}},"37":{"start":{"line":31,"column":20},"end":{"line":37,"column":1}},"38":{"start":{"line":31,"column":30},"end":{"line":37,"column":1}},"39":{"start":{"line":32,"column":4},"end":{"line":36,"column":5}},"40":{"start":{"line":33,"column":8},"end":{"line":33,"column":31}},"41":{"start":{"line":35,"column":8},"end":{"line":35,"column":40}},"42":{"start":{"line":41,"column":21},"end":{"line":41,"column":30}},"43":{"start":{"line":42,"column":8},"end":{"line":42,"column":53}},"44":{"start":{"line":43,"column":8},"end":{"line":43,"column":25}},"45":{"start":{"line":44,"column":8},"end":{"line":44,"column":27}},"46":{"start":{"line":48,"column":16},"end":{"line":52,"column":1}},"47":{"start":{"line":54,"column":18},"end":{"line":58,"column":1}},"48":{"start":{"line":55,"column":4},"end":{"line":55,"column":65}},"49":{"start":{"line":55,"column":23},"end":{"line":55,"column":65}},"50":{"start":{"line":57,"column":4},"end":{"line":57,"column":38}},"51":{"start":{"line":60,"column":0},"end":{"line":73,"column":2}}},"fnMap":{"0":{"name":"(anonymous_0)","decl":{"start":{"line":2,"column":17},"end":{"line":2,"column":18}},"loc":{"start":{"line":2,"column":24},"end":{"line":2,"column":47}},"line":2},"1":{"name":"(anonymous_1)","decl":{"start":{"line":3,"column":17},"end":{"line":3,"column":18}},"loc":{"start":{"line":3,"column":24},"end":{"line":3,"column":47}},"line":3},"2":{"name":"(anonymous_2)","decl":{"start":{"line":4,"column":18},"end":{"line":4,"column":19}},"loc":{"start":{"line":4,"column":25},"end":{"line":4,"column":49}},"line":4},"3":{"name":"(anonymous_3)","decl":{"start":{"line":5,"column":16},"end":{"line":5,"column":17}},"loc":{"start":{"line":5,"column":23},"end":{"line":5,"column":41}},"line":5},"4":{"name":"(anonymous_4)","decl":{"start":{"line":6,"column":17},"end":{"line":6,"column":18}},"loc":{"start":{"line":6,"column":24},"end":{"line":6,"column":64}},"line":6},"5":{"name":"(anonymous_5)","decl":{"start":{"line":7,"column":19},"end":{"line":7,"column":20}},"loc":{"start":{"line":7,"column":26},"end":{"line":7,"column":49}},"line":7},"6":{"name":"(anonymous_6)","decl":{"start":{"line":9,"column":21},"end":{"line":9,"column":22}},"loc":{"start":{"line":9,"column":28},"end":{"line":15,"column":1}},"line":9},"7":{"name":"(anonymous_7)","decl":{"start":{"line":17,"column":21},"end":{"line":17,"column":22}},"loc":{"start":{"line":17,"column":28},"end":{"line":22,"column":1}},"line":17},"8":{"name":"(anonymous_8)","decl":{"start":{"line":24,"column":22},"end":{"line":24,"column":23}},"loc":{"start":{"line":24,"column":29},"end":{"line":29,"column":1}},"line":24},"9":{"name":"(anonymous_9)","decl":{"start":{"line":31,"column":20},"end":{"line":31,"column":21}},"loc":{"start":{"line":31,"column":30},"end":{"line":37,"column":1}},"line":31},"10":{"name":"(anonymous_10)","decl":{"start":{"line":31,"column":30},"end":{"line":31,"column":31}},"loc":{"start":{"line":31,"column":37},"end":{"line":37,"column":1}},"line":31},"11":{"name":"(anonymous_11)","decl":{"start":{"line":40,"column":4},"end":{"line":40,"column":5}},"loc":{"start":{"line":40,"column":29},"end":{"line":45,"column":5}},"line":40},"12":{"name":"(anonymous_12)","decl":{"start":{"line":54,"column":18},"end":{"line":54,"column":19}},"loc":{"start":{"line":54,"column":26},"end":{"line":58,"column":1}},"line":54}},"branchMap":{"0":{"loc":{"start":{"line":6,"column":24},"end":{"line":6,"column":64}},"type":"binary-expr","locations":[{"start":{"line":6,"column":24},"end":{"line":6,"column":47}},{"start":{"line":6,"column":51},"end":{"line":6,"column":64}}],"line":6},"1":{"loc":{"start":{"line":10,"column":4},"end":{"line":10,"column":34}},"type":"if","locations":[{"start":{"line":10,"column":4},"end":{"line":10,"column":34}},{"start":{"line":10,"column":4},"end":{"line":10,"column":34}}],"line":10},"2":{"loc":{"start":{"line":11,"column":4},"end":{"line":11,"column":45}},"type":"if","locations":[{"start":{"line":11,"column":4},"end":{"line":11,"column":45}},{"start":{"line":11,"column":4},"end":{"line":11,"column":45}}],"line":11},"3":{"loc":{"start":{"line":12,"column":4},"end":{"line":12,"column":46}},"type":"if","locations":[{"start":{"line":12,"column":4},"end":{"line":12,"column":46}},{"start":{"line":12,"column":4},"end":{"line":12,"column":46}}],"line":12},"4":{"loc":{"start":{"line":13,"column":4},"end":{"line":13,"column":44}},"type":"if","locations":[{"start":{"line":13,"column":4},"end":{"line":13,"column":44}},{"start":{"line":13,"column":4},"end":{"line":13,"column":44}}],"line":13},"5":{"loc":{"start":{"line":18,"column":4},"end":{"line":18,"column":34}},"type":"if","locations":[{"start":{"line":18,"column":4},"end":{"line":18,"column":34}},{"start":{"line":18,"column":4},"end":{"line":18,"column":34}}],"line":18},"6":{"loc":{"start":{"line":20,"column":4},"end":{"line":20,"column":56}},"type":"if","locations":[{"start":{"line":20,"column":4},"end":{"line":20,"column":56}},{"start":{"line":20,"column":4},"end":{"line":20,"column":56}}],"line":20},"7":{"loc":{"start":{"line":25,"column":4},"end":{"line":25,"column":35}},"type":"if","locations":[{"start":{"line":25,"column":4},"end":{"line":25,"column":35}},{"start":{"line":25,"column":4},"end":{"line":25,"column":35}}],"line":25},"8":{"loc":{"start":{"line":26,"column":4},"end":{"line":26,"column":31}},"type":"if","locations":[{"start":{"line":26,"column":4},"end":{"line":26,"column":31}},{"start":{"line":26,"column":4},"end":{"line":26,"column":31}}],"line":26},"9":{"loc":{"start":{"line":27,"column":4},"end":{"line":27,"column":32}},"type":"if","locations":[{"start":{"line":27,"column":4},"end":{"line":27,"column":32}},{"start":{"line":27,"column":4},"end":{"line":27,"column":32}}],"line":27},"10":{"loc":{"start":{"line":55,"column":4},"end":{"line":55,"column":65}},"type":"if","locations":[{"start":{"line":55,"column":4},"end":{"line":55,"column":65}},{"start":{"line":55,"column":4},"end":{"line":55,"column":65}}],"line":55},"11":{"loc":{"start":{"line":57,"column":11},"end":{"line":57,"column":37}},"type":"binary-expr","locations":[{"start":{"line":57,"column":11},"end":{"line":57,"column":29}},{"start":{"line":57,"column":33},"end":{"line":57,"column":37}}],"line":57}},"s":{"0":4,"1":24,"2":4,"3":25,"4":4,"5":19,"6":4,"7":28,"8":4,"9":6,"10":4,"11":6,"12":4,"13":18,"14":9,"15":9,"16":3,"17":6,"18":2,"19":4,"20":1,"21":3,"22":4,"23":10,"24":3,"25":7,"26":7,"27":4,"28":3,"29":4,"30":6,"31":2,"32":4,"33":1,"34":3,"35":1,"36":2,"37":4,"38":4,"39":3,"40":3,"41":2,"42":11,"43":11,"44":11,"45":11,"46":4,"47":4,"48":16,"49":1,"50":15,"51":4},"f":{"0":24,"1":25,"2":19,"3":28,"4":6,"5":6,"6":18,"7":10,"8":6,"9":4,"10":3,"11":11,"12":16},"b":{"0":[6,2],"1":[9,9],"2":[3,6],"3":[2,4],"4":[1,3],"5":[3,7],"6":[4,3],"7":[2,4],"8":[1,3],"9":[1,2],"10":[1,15],"11":[15,1]},"_coverageSchema":"1a1c01bbd47fc00a2c39e90264f33305004495a9","hash":"e122852ae7a73cf014c0c38b84021a8af277c230"}
}
