TN:
SF:lib/Validator.js
FN:4,(anonymous_0)
FN:8,(anonymous_1)
FNF:2
FNH:2
FNDA:5,(anonymous_0)
FNDA:4,(anonymous_1)
DA:1,1
DA:3,1
DA:5,5
DA:6,5
DA:9,4
DA:10,1
DA:12,3
DA:13,0
DA:14,3
DA:15,3
LF:10
LH:9
BRDA:9,0,0,1
BRDA:9,0,1,3
BRDA:9,1,0,4
BRDA:9,1,1,4
BRDA:12,2,0,0
BRDA:12,2,1,3
BRDA:12,3,0,3
BRDA:12,3,1,0
BRF:8
BRH:6
end_of_record
TN:
SF:lib/types.js
FN:2,(anonymous_0)
FN:3,(anonymous_1)
FN:4,(anonymous_2)
FN:5,(anonymous_3)
FN:6,(anonymous_4)
FN:7,(anonymous_5)
FN:9,(anonymous_6)
FN:17,(anonymous_7)
FN:24,(anonymous_8)
FN:31,(anonymous_9)
FN:31,(anonymous_10)
FN:40,(anonymous_11)
FN:54,(anonymous_12)
FNF:13
FNH:13
FNDA:19,(anonymous_0)
FNDA:22,(anonymous_1)
FNDA:19,(anonymous_2)
FNDA:20,(anonymous_3)
FNDA:6,(anonymous_4)
FNDA:6,(anonymous_5)
FNDA:13,(anonymous_6)
FNDA:7,(anonymous_7)
FNDA:6,(anonymous_8)
FNDA:4,(anonymous_9)
FNDA:3,(anonymous_10)
FNDA:10,(anonymous_11)
FNDA:8,(anonymous_12)
DA:2,19
DA:3,22
DA:4,19
DA:5,20
DA:6,6
DA:7,6
DA:9,2
DA:10,13
DA:11,9
DA:12,6
DA:13,4
DA:14,3
DA:17,2
DA:18,7
DA:19,6
DA:20,6
DA:21,3
DA:24,2
DA:25,6
DA:26,4
DA:27,3
DA:28,2
DA:31,4
DA:32,3
DA:33,3
DA:35,2
DA:41,10
DA:42,10
DA:43,10
DA:44,10
DA:48,2
DA:54,2
DA:55,8
DA:57,7
DA:60,2
LF:35
LH:35
BRDA:6,0,0,6
BRDA:6,0,1,2
BRDA:10,1,0,4
BRDA:10,1,1,9
BRDA:11,2,0,3
BRDA:11,2,1,6
BRDA:12,3,0,2
BRDA:12,3,1,4
BRDA:13,4,0,1
BRDA:13,4,1,3
BRDA:18,5,0,1
BRDA:18,5,1,6
BRDA:20,6,0,3
BRDA:20,6,1,3
BRDA:25,7,0,2
BRDA:25,7,1,4
BRDA:26,8,0,1
BRDA:26,8,1,3
BRDA:27,9,0,1
BRDA:27,9,1,2
BRDA:55,10,0,1
BRDA:55,10,1,7
BRDA:57,11,0,7
BRDA:57,11,1,1
BRF:24
BRH:24
end_of_record
